<?xml version="1.0" encoding="UTF-8"?>
<!-- Generated by org.testng.reporters.JUnitReportReporter -->
<testsuite hostname="Sonia" failures="0" tests="1" name="LoginPageTest" time="10.247" errors="0" timestamp="2024-08-22T13:10:44 CDT" skipped="0">
  <testcase classname="LoginPageTest" name="loginTest" time="10.247"/>
  <system-out/>
</testsuite> <!-- LoginPageTest -->
